<?xml version="1.0" encoding="UTF-8"?>
<!-- Generated by org.testng.reporters.JUnitReportReporter -->
<testsuite hostname="LAPTOP-0G39GJJ3" failures="0" tests="1" name="com.webappsecurity.zero.testscripts.InvalidLogin" time="0.497" errors="0" timestamp="2022-03-14T22:57:57 MDT" skipped="0">
  <testcase classname="com.webappsecurity.zero.testscripts.InvalidLogin" name="invalidLogin" time="0.497"/>
  <system-out/>
</testsuite> <!-- com.webappsecurity.zero.testscripts.InvalidLogin -->
